<?xml version="1.0" encoding="UTF-8"?>
<testng-results ignored="0" total="1" passed="1" failed="0" skipped="0">
  <reporter-output>
  </reporter-output>
  <suite started-at="2021-01-12T11:46:51 IST" name="Default suite" finished-at="2021-01-12T11:47:02 IST" duration-ms="10604">
    <groups>
    </groups>
    <test started-at="2021-01-12T11:46:51 IST" name="Default test" finished-at="2021-01-12T11:47:02 IST" duration-ms="10604">
      <class name="Orange5.Orange5.Gethub">
        <test-method signature="LoginTest()[pri:0, instance:Orange5.Orange5.Gethub@cd3fee8]" started-at="2021-01-12T11:46:51 IST" name="LoginTest" finished-at="2021-01-12T11:47:02 IST" duration-ms="10515" status="PASS">
          <reporter-output>
          </reporter-output>
        </test-method> <!-- LoginTest -->
      </class> <!-- Orange5.Orange5.Gethub -->
    </test> <!-- Default test -->
  </suite> <!-- Default suite -->
</testng-results>
